+ Input layer,  output_shape=(28,28,1)
+ Conv Layer,   input_shape=(28,28,1), output_shape=(24,24,6)
+ Conv Layer,   input_shape=(24,24,6), output_shape=(6,6,6)
+ Conv Layer,   input_shape=(6,6,6), output_shape=(1,1,10)
+ Sigmoid layer,  output_shape=(1,1,10)
+ Softmax layer,  output_shape=(1,1,10)
Iter 0, loss=2.97219
0.051 0.130 0.126 0.136 0.056 0.052 0.139 0.134 0.083 0.094 

-0.949 0.130 0.126 0.136 0.056 0.052 0.139 0.134 0.083 0.094 

Iter 100, loss=2.49169
Iter 200, loss=2.47325
Iter 300, loss=2.46828
Iter 400, loss=2.46606
Iter 500, loss=2.46483
Iter 600, loss=2.46405
Iter 700, loss=2.46352
Iter 800, loss=2.46314
Iter 900, loss=2.46285
Iter 1000, loss=2.46262
0.085 0.085 0.232 0.086 0.086 0.085 0.085 0.085 0.085 0.085 

-0.915 0.085 0.232 0.086 0.086 0.085 0.085 0.085 0.085 0.085 

Iter 1100, loss=2.46244
Iter 1200, loss=2.46229
Iter 1300, loss=2.46216
Iter 1400, loss=2.46205
Iter 1500, loss=2.46196
Iter 1600, loss=2.46187
Iter 1700, loss=2.46179
Iter 1800, loss=2.46171
Iter 1900, loss=2.46163
Iter 2000, loss=2.46154
0.085 0.085 0.232 0.085 0.086 0.085 0.085 0.085 0.085 0.085 

-0.915 0.085 0.232 0.085 0.086 0.085 0.085 0.085 0.085 0.085 

Iter 2100, loss=2.46144
Iter 2200, loss=2.46130
Iter 2300, loss=2.46110
Iter 2400, loss=2.46065
Iter 2500, loss=2.45828
Iter 2600, loss=1.60606
Iter 2700, loss=1.60097
Iter 2800, loss=1.59984
Iter 2900, loss=1.59934
Iter 3000, loss=1.59905
0.202 0.074 0.202 0.074 0.075 0.075 0.074 0.074 0.074 0.074 

-0.798 0.074 0.202 0.074 0.075 0.075 0.074 0.074 0.074 0.074 

Iter 3100, loss=1.59886
Iter 3200, loss=1.59873
Iter 3300, loss=1.59863
Iter 3400, loss=1.59855
Iter 3500, loss=1.59849
Iter 3600, loss=1.59845
Iter 3700, loss=1.59840
Iter 3800, loss=1.59837
Iter 3900, loss=1.59834
Iter 4000, loss=1.59832
0.202 0.074 0.202 0.074 0.075 0.074 0.074 0.074 0.074 0.074 

-0.798 0.074 0.202 0.074 0.075 0.074 0.074 0.074 0.074 0.074 

Iter 4100, loss=1.59829
Iter 4200, loss=1.59827
Iter 4300, loss=1.59826
Iter 4400, loss=1.59824
Iter 4500, loss=1.59823
Iter 4600, loss=1.59822
Iter 4700, loss=1.59820
Iter 4800, loss=1.59819
Iter 4900, loss=1.59819
Iter 5000, loss=1.59818
0.202 0.074 0.202 0.074 0.074 0.074 0.074 0.074 0.074 0.074 

-0.798 0.074 0.202 0.074 0.074 0.074 0.074 0.074 0.074 0.074 

Iter 5100, loss=1.59817
Iter 5200, loss=1.59816
Iter 5300, loss=1.59815
Iter 5400, loss=1.59815
Iter 5500, loss=1.59814
Iter 5600, loss=1.59814
Iter 5700, loss=1.59813
Iter 5800, loss=1.59813
Iter 5900, loss=1.59812
Iter 6000, loss=1.59812
0.202 0.074 0.202 0.074 0.074 0.074 0.074 0.074 0.074 0.074 

-0.798 0.074 0.202 0.074 0.074 0.074 0.074 0.074 0.074 0.074 

Iter 6100, loss=1.59811
Iter 6200, loss=1.59811
Iter 6300, loss=1.59811
Iter 6400, loss=1.59810
Iter 6500, loss=1.59810
Iter 6600, loss=1.59810
Iter 6700, loss=1.59809
Iter 6800, loss=1.59809
Iter 6900, loss=1.59809
Iter 7000, loss=1.59809
0.202 0.074 0.202 0.074 0.074 0.074 0.074 0.074 0.074 0.074 

-0.798 0.074 0.202 0.074 0.074 0.074 0.074 0.074 0.074 0.074 

Iter 7100, loss=1.59808
Iter 7200, loss=1.59808
Iter 7300, loss=1.59808
Iter 7400, loss=1.59808
Iter 7500, loss=1.59807
Iter 7600, loss=1.59807
Iter 7700, loss=1.59807
Iter 7800, loss=1.59807
Iter 7900, loss=1.59807
Iter 8000, loss=1.59807
0.202 0.074 0.202 0.074 0.074 0.074 0.074 0.074 0.074 0.074 

-0.798 0.074 0.202 0.074 0.074 0.074 0.074 0.074 0.074 0.074 

Iter 8100, loss=1.59806
Iter 8200, loss=1.59806
Iter 8300, loss=1.59806
Iter 8400, loss=1.59806
Iter 8500, loss=1.59806
Iter 8600, loss=1.59806
Iter 8700, loss=1.59806
Iter 8800, loss=1.59805
Iter 8900, loss=1.59805
Iter 9000, loss=1.59805
0.202 0.074 0.202 0.074 0.074 0.074 0.074 0.074 0.074 0.074 

-0.798 0.074 0.202 0.074 0.074 0.074 0.074 0.074 0.074 0.074 

Iter 9100, loss=1.59805
Iter 9200, loss=1.59805
Iter 9300, loss=1.59805
Iter 9400, loss=1.59805
Iter 9500, loss=1.59805
Iter 9600, loss=1.59805
Iter 9700, loss=1.59804
Iter 9800, loss=1.59804
Iter 9900, loss=1.59804
You passed the function test!
